{
  "RSpec": {
    "coverage": {
      "/home/dynamic-cyborg-1035/tic-tac-toe-rb-online-web-sp-000/lib/tic_tac_toe.rb": [
        null,
        1,
        null,
        null,
        null,
        null,
        null,
        null,
        null,
        null,
        null,
        1,
        22,
        22,
        22,
        22,
        22,
        null,
        null,
        1,
        24,
        24,
        null,
        null,
        1,
        23,
        null,
        null,
        1,
        92,
        80,
        null,
        12,
        12,
        null,
        null,
        null,
        1,
        24,
        21,
        null,
        3,
        null,
        null,
        null,
        1,
        22,
        22,
        198,
        32,
        null,
        null,
        22,
        null,
        null,
        1,
        21,
        14,
        null,
        7,
        null,
        null,
        null,
        1,
        22,
        22,
        21,
        21,
        20,
        20,
        null,
        1,
        null,
        null,
        null,
        1,
        34,
        256,
        256,
        256,
        null,
        256,
        256,
        256,
        null,
        256,
        9,
        null,
        null,
        25,
        null,
        null,
        1,
        244,
        31,
        null,
        11,
        null,
        null,
        null,
        1,
        27,
        6,
        null,
        21,
        null,
        null,
        null,
        1,
        19,
        null,
        null,
        6,
        null,
        13,
        null,
        null,
        null,
        1,
        3,
        2,
        null,
        null,
        null,
        1,
        9,
        19,
        null,
        8,
        1,
        1,
        7,
        3,
        null,
        null
      ]
    },
    "timestamp": 1606107846
  }
}
